('{', 0)
('integer', 0)
('identifier', 0)
(',', 0)
('identifier', 1)
(',', 0)
('identifier', 2)
(',', 0)
('identifier', 26)
(';', 0)
('read', 0)
('identifier', 0)
(',', 0)
('identifier', 1)
(',', 0)
('identifier', 2)
(';', 0)
('show', 0)
('identifier', 0)
(',', 0)
('identifier', 1)
(',', 0)
('identifier', 2)
(';', 0)
('if', 0)
('identifier', 7)
('=>', 0)
('identifier', 8)
('&', 0)
('identifier', 7)
('=>', 0)
('identifier', 9)
('{', 0)
('identifier', 26)
('=', 0)
('identifier', 7)
(';', 0)
('}', 0)
('else', 0)
('if', 0)
('identifier', 8)
('=>', 0)
('identifier', 7)
('&', 0)
('identifier', 8)
('=>', 0)
('identifier', 9)
('{', 0)
('identifier', 26)
('=', 0)
('identifier', 8)
(';', 0)
('}', 0)
('else', 0)
('{', 0)
('identifier', 26)
('=', 0)
('identifier', 9)
(';', 0)
('}', 0)
('return', 0)
('identifier', 26)
(';', 0)
('}', 0)
